2026-04-13 16:11:01,869 [ERROR] django.request: Internal Server Error: /admin/tasks/task/
Traceback (most recent call last):
  File "C:\Users\student\Desktop\project-1\venv\Lib\site-packages\django\db\backends\utils.py", line 105, in _execute
    return self.cursor.execute(sql, params)
           ~~~~~~~~~~~~~~~~~~~^^^^^^^^^^^^^
psycopg2.errors.UndefinedTable: ╬╪╚┴╩└:  юҐэюЇхэшх "tasks_task" эх ёґїхёҐтґхҐ
LINE 1: SELECT COUNT(*) AS "__count" FROM "tasks_task"
                                          ^


The above exception was the direct cause of the following exception:

Traceback (most recent call last):
  File "C:\Users\student\Desktop\project-1\venv\Lib\site-packages\django\core\handlers\exception.py", line 55, in inner
    response = get_response(request)
  File "C:\Users\student\Desktop\project-1\venv\Lib\site-packages\django\core\handlers\base.py", line 198, in _get_response
    response = wrapped_callback(request, *callback_args, **callback_kwargs)
  File "C:\Users\student\Desktop\project-1\venv\Lib\site-packages\django\contrib\admin\options.py", line 711, in wrapper
    return self.admin_site.admin_view(view)(*args, **kwargs)
           ~~~~~~~~~~~~~~~~~~~~~~~~~~~~~~~~^^^^^^^^^^^^^^^^^
  File "C:\Users\student\Desktop\project-1\venv\Lib\site-packages\django\utils\decorators.py", line 192, in _view_wrapper
    result = _process_exception(request, e)
  File "C:\Users\student\Desktop\project-1\venv\Lib\site-packages\django\utils\decorators.py", line 190, in _view_wrapper
    response = view_func(request, *args, **kwargs)
  File "C:\Users\student\Desktop\project-1\venv\Lib\site-packages\django\views\decorators\cache.py", line 80, in _view_wrapper
    response = view_func(request, *args, **kwargs)
  File "C:\Users\student\Desktop\project-1\venv\Lib\site-packages\django\contrib\admin\sites.py", line 247, in inner
    return view(request, *args, **kwargs)
  File "C:\Users\student\Desktop\project-1\venv\Lib\site-packages\django\utils\decorators.py", line 48, in _wrapper
    return bound_method(*args, **kwargs)
  File "C:\Users\student\Desktop\project-1\venv\Lib\site-packages\django\utils\decorators.py", line 192, in _view_wrapper
    result = _process_exception(request, e)
  File "C:\Users\student\Desktop\project-1\venv\Lib\site-packages\django\utils\decorators.py", line 190, in _view_wrapper
    response = view_func(request, *args, **kwargs)
  File "C:\Users\student\Desktop\project-1\venv\Lib\site-packages\django\contrib\admin\options.py", line 1983, in changelist_view
    cl = self.get_changelist_instance(request)
  File "C:\Users\student\Desktop\project-1\venv\Lib\site-packages\django\contrib\admin\options.py", line 858, in get_changelist_instance
    return ChangeList(
        request,
    ...<12 lines>...
        self.search_help_text,
    )
  File "C:\Users\student\Desktop\project-1\venv\Lib\site-packages\django\contrib\admin\views\main.py", line 143, in __init__
    self.get_results(request)
    ~~~~~~~~~~~~~~~~^^^^^^^^^
  File "C:\Users\student\Desktop\project-1\venv\Lib\site-packages\django\contrib\admin\views\main.py", line 300, in get_results
    result_count = paginator.count
                   ^^^^^^^^^^^^^^^
  File "C:\Users\student\Desktop\project-1\venv\Lib\site-packages\django\utils\functional.py", line 47, in __get__
    res = instance.__dict__[self.name] = self.func(instance)
                                         ~~~~~~~~~^^^^^^^^^^
  File "C:\Users\student\Desktop\project-1\venv\Lib\site-packages\django\core\paginator.py", line 189, in count
    return c()
  File "C:\Users\student\Desktop\project-1\venv\Lib\site-packages\django\db\models\query.py", line 610, in count
    return self.query.get_count(using=self.db)
           ~~~~~~~~~~~~~~~~~~~~^^^^^^^^^^^^^^^
  File "C:\Users\student\Desktop\project-1\venv\Lib\site-packages\django\db\models\sql\query.py", line 656, in get_count
    return obj.get_aggregation(using, {"__count": Count("*")})["__count"]
           ~~~~~~~~~~~~~~~~~~~^^^^^^^^^^^^^^^^^^^^^^^^^^^^^^^^
  File "C:\Users\student\Desktop\project-1\venv\Lib\site-packages\django\db\models\sql\query.py", line 638, in get_aggregation
    result = compiler.execute_sql(SINGLE)
  File "C:\Users\student\Desktop\project-1\venv\Lib\site-packages\django\db\models\sql\compiler.py", line 1624, in execute_sql
    cursor.execute(sql, params)
    ~~~~~~~~~~~~~~^^^^^^^^^^^^^
  File "C:\Users\student\Desktop\project-1\venv\Lib\site-packages\django\db\backends\utils.py", line 122, in execute
    return super().execute(sql, params)
           ~~~~~~~~~~~~~~~^^^^^^^^^^^^^
  File "C:\Users\student\Desktop\project-1\venv\Lib\site-packages\django\db\backends\utils.py", line 79, in execute
    return self._execute_with_wrappers(
           ~~~~~~~~~~~~~~~~~~~~~~~~~~~^
        sql, params, many=False, executor=self._execute
        ^^^^^^^^^^^^^^^^^^^^^^^^^^^^^^^^^^^^^^^^^^^^^^^
    )
    ^
  File "C:\Users\student\Desktop\project-1\venv\Lib\site-packages\django\db\backends\utils.py", line 92, in _execute_with_wrappers
    return executor(sql, params, many, context)
  File "C:\Users\student\Desktop\project-1\venv\Lib\site-packages\django\db\backends\utils.py", line 100, in _execute
    with self.db.wrap_database_errors:
         ^^^^^^^^^^^^^^^^^^^^^^^^^^^^
  File "C:\Users\student\Desktop\project-1\venv\Lib\site-packages\django\db\utils.py", line 94, in __exit__
    raise dj_exc_value.with_traceback(traceback) from exc_value
  File "C:\Users\student\Desktop\project-1\venv\Lib\site-packages\django\db\backends\utils.py", line 105, in _execute
    return self.cursor.execute(sql, params)
           ~~~~~~~~~~~~~~~~~~~^^^^^^^^^^^^^
django.db.utils.ProgrammingError: ╬╪╚┴╩└:  юҐэюЇхэшх "tasks_task" эх ёґїхёҐтґхҐ
LINE 1: SELECT COUNT(*) AS "__count" FROM "tasks_task"
                                          ^

2026-04-13 16:11:01,878 [ERROR] django.server: "GET /admin/tasks/task/ HTTP/1.1" 500 193622
2026-04-13 16:37:33,479 [ERROR] django.request: Internal Server Error: /admin/tasks/task/
Traceback (most recent call last):
  File "C:\Users\student\Desktop\project-1\venv\Lib\site-packages\django\db\backends\utils.py", line 105, in _execute
    return self.cursor.execute(sql, params)
           ~~~~~~~~~~~~~~~~~~~^^^^^^^^^^^^^
psycopg2.errors.UndefinedTable: ╬╪╚┴╩└:  юҐэюЇхэшх "tasks_task" эх ёґїхёҐтґхҐ
LINE 1: SELECT COUNT(*) AS "__count" FROM "tasks_task"
                                          ^


The above exception was the direct cause of the following exception:

Traceback (most recent call last):
  File "C:\Users\student\Desktop\project-1\venv\Lib\site-packages\django\core\handlers\exception.py", line 55, in inner
    response = get_response(request)
  File "C:\Users\student\Desktop\project-1\venv\Lib\site-packages\django\core\handlers\base.py", line 198, in _get_response
    response = wrapped_callback(request, *callback_args, **callback_kwargs)
  File "C:\Users\student\Desktop\project-1\venv\Lib\site-packages\django\contrib\admin\options.py", line 711, in wrapper
    return self.admin_site.admin_view(view)(*args, **kwargs)
           ~~~~~~~~~~~~~~~~~~~~~~~~~~~~~~~~^^^^^^^^^^^^^^^^^
  File "C:\Users\student\Desktop\project-1\venv\Lib\site-packages\django\utils\decorators.py", line 192, in _view_wrapper
    result = _process_exception(request, e)
  File "C:\Users\student\Desktop\project-1\venv\Lib\site-packages\django\utils\decorators.py", line 190, in _view_wrapper
    response = view_func(request, *args, **kwargs)
  File "C:\Users\student\Desktop\project-1\venv\Lib\site-packages\django\views\decorators\cache.py", line 80, in _view_wrapper
    response = view_func(request, *args, **kwargs)
  File "C:\Users\student\Desktop\project-1\venv\Lib\site-packages\django\contrib\admin\sites.py", line 247, in inner
    return view(request, *args, **kwargs)
  File "C:\Users\student\Desktop\project-1\venv\Lib\site-packages\django\utils\decorators.py", line 48, in _wrapper
    return bound_method(*args, **kwargs)
  File "C:\Users\student\Desktop\project-1\venv\Lib\site-packages\django\utils\decorators.py", line 192, in _view_wrapper
    result = _process_exception(request, e)
  File "C:\Users\student\Desktop\project-1\venv\Lib\site-packages\django\utils\decorators.py", line 190, in _view_wrapper
    response = view_func(request, *args, **kwargs)
  File "C:\Users\student\Desktop\project-1\venv\Lib\site-packages\django\contrib\admin\options.py", line 1983, in changelist_view
    cl = self.get_changelist_instance(request)
  File "C:\Users\student\Desktop\project-1\venv\Lib\site-packages\django\contrib\admin\options.py", line 858, in get_changelist_instance
    return ChangeList(
        request,
    ...<12 lines>...
        self.search_help_text,
    )
  File "C:\Users\student\Desktop\project-1\venv\Lib\site-packages\django\contrib\admin\views\main.py", line 143, in __init__
    self.get_results(request)
    ~~~~~~~~~~~~~~~~^^^^^^^^^
  File "C:\Users\student\Desktop\project-1\venv\Lib\site-packages\django\contrib\admin\views\main.py", line 300, in get_results
    result_count = paginator.count
                   ^^^^^^^^^^^^^^^
  File "C:\Users\student\Desktop\project-1\venv\Lib\site-packages\django\utils\functional.py", line 47, in __get__
    res = instance.__dict__[self.name] = self.func(instance)
                                         ~~~~~~~~~^^^^^^^^^^
  File "C:\Users\student\Desktop\project-1\venv\Lib\site-packages\django\core\paginator.py", line 189, in count
    return c()
  File "C:\Users\student\Desktop\project-1\venv\Lib\site-packages\django\db\models\query.py", line 610, in count
    return self.query.get_count(using=self.db)
           ~~~~~~~~~~~~~~~~~~~~^^^^^^^^^^^^^^^
  File "C:\Users\student\Desktop\project-1\venv\Lib\site-packages\django\db\models\sql\query.py", line 656, in get_count
    return obj.get_aggregation(using, {"__count": Count("*")})["__count"]
           ~~~~~~~~~~~~~~~~~~~^^^^^^^^^^^^^^^^^^^^^^^^^^^^^^^^
  File "C:\Users\student\Desktop\project-1\venv\Lib\site-packages\django\db\models\sql\query.py", line 638, in get_aggregation
    result = compiler.execute_sql(SINGLE)
  File "C:\Users\student\Desktop\project-1\venv\Lib\site-packages\django\db\models\sql\compiler.py", line 1624, in execute_sql
    cursor.execute(sql, params)
    ~~~~~~~~~~~~~~^^^^^^^^^^^^^
  File "C:\Users\student\Desktop\project-1\venv\Lib\site-packages\django\db\backends\utils.py", line 122, in execute
    return super().execute(sql, params)
           ~~~~~~~~~~~~~~~^^^^^^^^^^^^^
  File "C:\Users\student\Desktop\project-1\venv\Lib\site-packages\django\db\backends\utils.py", line 79, in execute
    return self._execute_with_wrappers(
           ~~~~~~~~~~~~~~~~~~~~~~~~~~~^
        sql, params, many=False, executor=self._execute
        ^^^^^^^^^^^^^^^^^^^^^^^^^^^^^^^^^^^^^^^^^^^^^^^
    )
    ^
  File "C:\Users\student\Desktop\project-1\venv\Lib\site-packages\django\db\backends\utils.py", line 92, in _execute_with_wrappers
    return executor(sql, params, many, context)
  File "C:\Users\student\Desktop\project-1\venv\Lib\site-packages\django\db\backends\utils.py", line 100, in _execute
    with self.db.wrap_database_errors:
         ^^^^^^^^^^^^^^^^^^^^^^^^^^^^
  File "C:\Users\student\Desktop\project-1\venv\Lib\site-packages\django\db\utils.py", line 94, in __exit__
    raise dj_exc_value.with_traceback(traceback) from exc_value
  File "C:\Users\student\Desktop\project-1\venv\Lib\site-packages\django\db\backends\utils.py", line 105, in _execute
    return self.cursor.execute(sql, params)
           ~~~~~~~~~~~~~~~~~~~^^^^^^^^^^^^^
django.db.utils.ProgrammingError: ╬╪╚┴╩└:  юҐэюЇхэшх "tasks_task" эх ёґїхёҐтґхҐ
LINE 1: SELECT COUNT(*) AS "__count" FROM "tasks_task"
                                          ^

2026-04-13 16:37:33,486 [ERROR] django.server: "GET /admin/tasks/task/ HTTP/1.1" 500 193612
2026-04-13 16:38:16,800 [ERROR] django.request: Internal Server Error: /admin/tasks/task/
Traceback (most recent call last):
  File "C:\Users\student\Desktop\project-1\venv\Lib\site-packages\django\db\backends\utils.py", line 105, in _execute
    return self.cursor.execute(sql, params)
           ~~~~~~~~~~~~~~~~~~~^^^^^^^^^^^^^
psycopg2.errors.UndefinedTable: ╬╪╚┴╩└:  юҐэюЇхэшх "tasks_task" эх ёґїхёҐтґхҐ
LINE 1: SELECT COUNT(*) AS "__count" FROM "tasks_task"
                                          ^


The above exception was the direct cause of the following exception:

Traceback (most recent call last):
  File "C:\Users\student\Desktop\project-1\venv\Lib\site-packages\django\core\handlers\exception.py", line 55, in inner
    response = get_response(request)
  File "C:\Users\student\Desktop\project-1\venv\Lib\site-packages\django\core\handlers\base.py", line 198, in _get_response
    response = wrapped_callback(request, *callback_args, **callback_kwargs)
  File "C:\Users\student\Desktop\project-1\venv\Lib\site-packages\django\contrib\admin\options.py", line 711, in wrapper
    return self.admin_site.admin_view(view)(*args, **kwargs)
           ~~~~~~~~~~~~~~~~~~~~~~~~~~~~~~~~^^^^^^^^^^^^^^^^^
  File "C:\Users\student\Desktop\project-1\venv\Lib\site-packages\django\utils\decorators.py", line 192, in _view_wrapper
    result = _process_exception(request, e)
  File "C:\Users\student\Desktop\project-1\venv\Lib\site-packages\django\utils\decorators.py", line 190, in _view_wrapper
    response = view_func(request, *args, **kwargs)
  File "C:\Users\student\Desktop\project-1\venv\Lib\site-packages\django\views\decorators\cache.py", line 80, in _view_wrapper
    response = view_func(request, *args, **kwargs)
  File "C:\Users\student\Desktop\project-1\venv\Lib\site-packages\django\contrib\admin\sites.py", line 247, in inner
    return view(request, *args, **kwargs)
  File "C:\Users\student\Desktop\project-1\venv\Lib\site-packages\django\utils\decorators.py", line 48, in _wrapper
    return bound_method(*args, **kwargs)
  File "C:\Users\student\Desktop\project-1\venv\Lib\site-packages\django\utils\decorators.py", line 192, in _view_wrapper
    result = _process_exception(request, e)
  File "C:\Users\student\Desktop\project-1\venv\Lib\site-packages\django\utils\decorators.py", line 190, in _view_wrapper
    response = view_func(request, *args, **kwargs)
  File "C:\Users\student\Desktop\project-1\venv\Lib\site-packages\django\contrib\admin\options.py", line 1983, in changelist_view
    cl = self.get_changelist_instance(request)
  File "C:\Users\student\Desktop\project-1\venv\Lib\site-packages\django\contrib\admin\options.py", line 858, in get_changelist_instance
    return ChangeList(
        request,
    ...<12 lines>...
        self.search_help_text,
    )
  File "C:\Users\student\Desktop\project-1\venv\Lib\site-packages\django\contrib\admin\views\main.py", line 143, in __init__
    self.get_results(request)
    ~~~~~~~~~~~~~~~~^^^^^^^^^
  File "C:\Users\student\Desktop\project-1\venv\Lib\site-packages\django\contrib\admin\views\main.py", line 300, in get_results
    result_count = paginator.count
                   ^^^^^^^^^^^^^^^
  File "C:\Users\student\Desktop\project-1\venv\Lib\site-packages\django\utils\functional.py", line 47, in __get__
    res = instance.__dict__[self.name] = self.func(instance)
                                         ~~~~~~~~~^^^^^^^^^^
  File "C:\Users\student\Desktop\project-1\venv\Lib\site-packages\django\core\paginator.py", line 189, in count
    return c()
  File "C:\Users\student\Desktop\project-1\venv\Lib\site-packages\django\db\models\query.py", line 610, in count
    return self.query.get_count(using=self.db)
           ~~~~~~~~~~~~~~~~~~~~^^^^^^^^^^^^^^^
  File "C:\Users\student\Desktop\project-1\venv\Lib\site-packages\django\db\models\sql\query.py", line 656, in get_count
    return obj.get_aggregation(using, {"__count": Count("*")})["__count"]
           ~~~~~~~~~~~~~~~~~~~^^^^^^^^^^^^^^^^^^^^^^^^^^^^^^^^
  File "C:\Users\student\Desktop\project-1\venv\Lib\site-packages\django\db\models\sql\query.py", line 638, in get_aggregation
    result = compiler.execute_sql(SINGLE)
  File "C:\Users\student\Desktop\project-1\venv\Lib\site-packages\django\db\models\sql\compiler.py", line 1624, in execute_sql
    cursor.execute(sql, params)
    ~~~~~~~~~~~~~~^^^^^^^^^^^^^
  File "C:\Users\student\Desktop\project-1\venv\Lib\site-packages\django\db\backends\utils.py", line 122, in execute
    return super().execute(sql, params)
           ~~~~~~~~~~~~~~~^^^^^^^^^^^^^
  File "C:\Users\student\Desktop\project-1\venv\Lib\site-packages\django\db\backends\utils.py", line 79, in execute
    return self._execute_with_wrappers(
           ~~~~~~~~~~~~~~~~~~~~~~~~~~~^
        sql, params, many=False, executor=self._execute
        ^^^^^^^^^^^^^^^^^^^^^^^^^^^^^^^^^^^^^^^^^^^^^^^
    )
    ^
  File "C:\Users\student\Desktop\project-1\venv\Lib\site-packages\django\db\backends\utils.py", line 92, in _execute_with_wrappers
    return executor(sql, params, many, context)
  File "C:\Users\student\Desktop\project-1\venv\Lib\site-packages\django\db\backends\utils.py", line 100, in _execute
    with self.db.wrap_database_errors:
         ^^^^^^^^^^^^^^^^^^^^^^^^^^^^
  File "C:\Users\student\Desktop\project-1\venv\Lib\site-packages\django\db\utils.py", line 94, in __exit__
    raise dj_exc_value.with_traceback(traceback) from exc_value
  File "C:\Users\student\Desktop\project-1\venv\Lib\site-packages\django\db\backends\utils.py", line 105, in _execute
    return self.cursor.execute(sql, params)
           ~~~~~~~~~~~~~~~~~~~^^^^^^^^^^^^^
django.db.utils.ProgrammingError: ╬╪╚┴╩└:  юҐэюЇхэшх "tasks_task" эх ёґїхёҐтґхҐ
LINE 1: SELECT COUNT(*) AS "__count" FROM "tasks_task"
                                          ^

2026-04-13 16:38:16,811 [ERROR] django.server: "GET /admin/tasks/task/ HTTP/1.1" 500 193622
2026-04-13 16:43:03,605 [ERROR] django.request: Internal Server Error: /admin/tasks/task/
Traceback (most recent call last):
  File "C:\Users\student\Desktop\project-1\venv\Lib\site-packages\django\db\backends\utils.py", line 105, in _execute
    return self.cursor.execute(sql, params)
           ~~~~~~~~~~~~~~~~~~~^^^^^^^^^^^^^
psycopg2.errors.UndefinedTable: ╬╪╚┴╩└:  юҐэюЇхэшх "tasks_task" эх ёґїхёҐтґхҐ
LINE 1: SELECT COUNT(*) AS "__count" FROM "tasks_task"
                                          ^


The above exception was the direct cause of the following exception:

Traceback (most recent call last):
  File "C:\Users\student\Desktop\project-1\venv\Lib\site-packages\django\core\handlers\exception.py", line 55, in inner
    response = get_response(request)
  File "C:\Users\student\Desktop\project-1\venv\Lib\site-packages\django\core\handlers\base.py", line 198, in _get_response
    response = wrapped_callback(request, *callback_args, **callback_kwargs)
  File "C:\Users\student\Desktop\project-1\venv\Lib\site-packages\django\contrib\admin\options.py", line 711, in wrapper
    return self.admin_site.admin_view(view)(*args, **kwargs)
           ~~~~~~~~~~~~~~~~~~~~~~~~~~~~~~~~^^^^^^^^^^^^^^^^^
  File "C:\Users\student\Desktop\project-1\venv\Lib\site-packages\django\utils\decorators.py", line 192, in _view_wrapper
    result = _process_exception(request, e)
  File "C:\Users\student\Desktop\project-1\venv\Lib\site-packages\django\utils\decorators.py", line 190, in _view_wrapper
    response = view_func(request, *args, **kwargs)
  File "C:\Users\student\Desktop\project-1\venv\Lib\site-packages\django\views\decorators\cache.py", line 80, in _view_wrapper
    response = view_func(request, *args, **kwargs)
  File "C:\Users\student\Desktop\project-1\venv\Lib\site-packages\django\contrib\admin\sites.py", line 247, in inner
    return view(request, *args, **kwargs)
  File "C:\Users\student\Desktop\project-1\venv\Lib\site-packages\django\utils\decorators.py", line 48, in _wrapper
    return bound_method(*args, **kwargs)
  File "C:\Users\student\Desktop\project-1\venv\Lib\site-packages\django\utils\decorators.py", line 192, in _view_wrapper
    result = _process_exception(request, e)
  File "C:\Users\student\Desktop\project-1\venv\Lib\site-packages\django\utils\decorators.py", line 190, in _view_wrapper
    response = view_func(request, *args, **kwargs)
  File "C:\Users\student\Desktop\project-1\venv\Lib\site-packages\django\contrib\admin\options.py", line 1983, in changelist_view
    cl = self.get_changelist_instance(request)
  File "C:\Users\student\Desktop\project-1\venv\Lib\site-packages\django\contrib\admin\options.py", line 858, in get_changelist_instance
    return ChangeList(
        request,
    ...<12 lines>...
        self.search_help_text,
    )
  File "C:\Users\student\Desktop\project-1\venv\Lib\site-packages\django\contrib\admin\views\main.py", line 143, in __init__
    self.get_results(request)
    ~~~~~~~~~~~~~~~~^^^^^^^^^
  File "C:\Users\student\Desktop\project-1\venv\Lib\site-packages\django\contrib\admin\views\main.py", line 300, in get_results
    result_count = paginator.count
                   ^^^^^^^^^^^^^^^
  File "C:\Users\student\Desktop\project-1\venv\Lib\site-packages\django\utils\functional.py", line 47, in __get__
    res = instance.__dict__[self.name] = self.func(instance)
                                         ~~~~~~~~~^^^^^^^^^^
  File "C:\Users\student\Desktop\project-1\venv\Lib\site-packages\django\core\paginator.py", line 189, in count
    return c()
  File "C:\Users\student\Desktop\project-1\venv\Lib\site-packages\django\db\models\query.py", line 610, in count
    return self.query.get_count(using=self.db)
           ~~~~~~~~~~~~~~~~~~~~^^^^^^^^^^^^^^^
  File "C:\Users\student\Desktop\project-1\venv\Lib\site-packages\django\db\models\sql\query.py", line 656, in get_count
    return obj.get_aggregation(using, {"__count": Count("*")})["__count"]
           ~~~~~~~~~~~~~~~~~~~^^^^^^^^^^^^^^^^^^^^^^^^^^^^^^^^
  File "C:\Users\student\Desktop\project-1\venv\Lib\site-packages\django\db\models\sql\query.py", line 638, in get_aggregation
    result = compiler.execute_sql(SINGLE)
  File "C:\Users\student\Desktop\project-1\venv\Lib\site-packages\django\db\models\sql\compiler.py", line 1624, in execute_sql
    cursor.execute(sql, params)
    ~~~~~~~~~~~~~~^^^^^^^^^^^^^
  File "C:\Users\student\Desktop\project-1\venv\Lib\site-packages\django\db\backends\utils.py", line 122, in execute
    return super().execute(sql, params)
           ~~~~~~~~~~~~~~~^^^^^^^^^^^^^
  File "C:\Users\student\Desktop\project-1\venv\Lib\site-packages\django\db\backends\utils.py", line 79, in execute
    return self._execute_with_wrappers(
           ~~~~~~~~~~~~~~~~~~~~~~~~~~~^
        sql, params, many=False, executor=self._execute
        ^^^^^^^^^^^^^^^^^^^^^^^^^^^^^^^^^^^^^^^^^^^^^^^
    )
    ^
  File "C:\Users\student\Desktop\project-1\venv\Lib\site-packages\django\db\backends\utils.py", line 92, in _execute_with_wrappers
    return executor(sql, params, many, context)
  File "C:\Users\student\Desktop\project-1\venv\Lib\site-packages\django\db\backends\utils.py", line 100, in _execute
    with self.db.wrap_database_errors:
         ^^^^^^^^^^^^^^^^^^^^^^^^^^^^
  File "C:\Users\student\Desktop\project-1\venv\Lib\site-packages\django\db\utils.py", line 94, in __exit__
    raise dj_exc_value.with_traceback(traceback) from exc_value
  File "C:\Users\student\Desktop\project-1\venv\Lib\site-packages\django\db\backends\utils.py", line 105, in _execute
    return self.cursor.execute(sql, params)
           ~~~~~~~~~~~~~~~~~~~^^^^^^^^^^^^^
django.db.utils.ProgrammingError: ╬╪╚┴╩└:  юҐэюЇхэшх "tasks_task" эх ёґїхёҐтґхҐ
LINE 1: SELECT COUNT(*) AS "__count" FROM "tasks_task"
                                          ^

2026-04-13 16:43:03,611 [ERROR] django.server: "GET /admin/tasks/task/ HTTP/1.1" 500 193640
2026-04-13 17:45:12,898 [ERROR] django.request: Internal Server Error: /api/auth/register/
Traceback (most recent call last):
  File "C:\Users\student\Desktop\project-1\venv\Lib\site-packages\django\core\handlers\exception.py", line 55, in inner
    response = get_response(request)
  File "C:\Users\student\Desktop\project-1\venv\Lib\site-packages\django\core\handlers\base.py", line 221, in _get_response
    response = response.render()
  File "C:\Users\student\Desktop\project-1\venv\Lib\site-packages\django\template\response.py", line 114, in render
    self.content = self.rendered_content
                   ^^^^^^^^^^^^^^^^^^^^^
  File "C:\Users\student\Desktop\project-1\venv\Lib\site-packages\rest_framework\response.py", line 74, in rendered_content
    ret = renderer.render(self.data, accepted_media_type, context)
  File "C:\Users\student\Desktop\project-1\venv\Lib\site-packages\rest_framework\renderers.py", line 749, in render
    template = loader.get_template(self.template)
  File "C:\Users\student\Desktop\project-1\venv\Lib\site-packages\django\template\loader.py", line 19, in get_template
    raise TemplateDoesNotExist(template_name, chain=chain)
django.template.exceptions.TemplateDoesNotExist: rest_framework/api.html
2026-04-13 17:45:12,902 [ERROR] django.server: "GET /api/auth/register/ HTTP/1.1" 500 88699
2026-04-13 17:46:43,758 [ERROR] django.request: Internal Server Error: /api/auth/register/
Traceback (most recent call last):
  File "C:\Users\student\Desktop\project-1\venv\Lib\site-packages\django\core\handlers\exception.py", line 55, in inner
    response = get_response(request)
  File "C:\Users\student\Desktop\project-1\venv\Lib\site-packages\django\core\handlers\base.py", line 221, in _get_response
    response = response.render()
  File "C:\Users\student\Desktop\project-1\venv\Lib\site-packages\django\template\response.py", line 114, in render
    self.content = self.rendered_content
                   ^^^^^^^^^^^^^^^^^^^^^
  File "C:\Users\student\Desktop\project-1\venv\Lib\site-packages\rest_framework\response.py", line 74, in rendered_content
    ret = renderer.render(self.data, accepted_media_type, context)
  File "C:\Users\student\Desktop\project-1\venv\Lib\site-packages\rest_framework\renderers.py", line 749, in render
    template = loader.get_template(self.template)
  File "C:\Users\student\Desktop\project-1\venv\Lib\site-packages\django\template\loader.py", line 19, in get_template
    raise TemplateDoesNotExist(template_name, chain=chain)
django.template.exceptions.TemplateDoesNotExist: rest_framework/api.html
2026-04-13 17:46:43,760 [ERROR] django.server: "GET /api/auth/register/ HTTP/1.1" 500 88836
2026-04-13 17:47:11,199 [ERROR] django.request: Internal Server Error: /api/auth/register/
Traceback (most recent call last):
  File "C:\Users\student\Desktop\project-1\venv\Lib\site-packages\django\core\handlers\exception.py", line 55, in inner
    response = get_response(request)
  File "C:\Users\student\Desktop\project-1\venv\Lib\site-packages\django\core\handlers\base.py", line 221, in _get_response
    response = response.render()
  File "C:\Users\student\Desktop\project-1\venv\Lib\site-packages\django\template\response.py", line 114, in render
    self.content = self.rendered_content
                   ^^^^^^^^^^^^^^^^^^^^^
  File "C:\Users\student\Desktop\project-1\venv\Lib\site-packages\rest_framework\response.py", line 74, in rendered_content
    ret = renderer.render(self.data, accepted_media_type, context)
  File "C:\Users\student\Desktop\project-1\venv\Lib\site-packages\rest_framework\renderers.py", line 750, in render
    context = self.get_context(data, accepted_media_type, renderer_context)
  File "C:\Users\student\Desktop\project-1\venv\Lib\site-packages\rest_framework\renderers.py", line 722, in get_context
    'post_form': self.get_rendered_html_form(data, view, 'POST', request),
                 ~~~~~~~~~~~~~~~~~~~~~~~~~~~^^^^^^^^^^^^^^^^^^^^^^^^^^^^^
  File "C:\Users\student\Desktop\project-1\venv\Lib\site-packages\rest_framework\renderers.py", line 531, in get_rendered_html_form
    return self.render_form_for_serializer(serializer)
           ~~~~~~~~~~~~~~~~~~~~~~~~~~~~~~~^^^^^^^^^^^^
  File "C:\Users\student\Desktop\project-1\venv\Lib\site-packages\rest_framework\renderers.py", line 541, in render_form_for_serializer
    return form_renderer.render(
           ~~~~~~~~~~~~~~~~~~~~^
        serializer.data,
        ^^^^^^^^^^^^^^^^
        self.accepted_media_type,
        ^^^^^^^^^^^^^^^^^^^^^^^^^
        {'style': {'template_pack': 'rest_framework/horizontal'}}
        ^^^^^^^^^^^^^^^^^^^^^^^^^^^^^^^^^^^^^^^^^^^^^^^^^^^^^^^^^
    )
    ^
  File "C:\Users\student\Desktop\project-1\venv\Lib\site-packages\rest_framework\renderers.py", line 390, in render
    template = loader.get_template(template_name)
  File "C:\Users\student\Desktop\project-1\venv\Lib\site-packages\django\template\loader.py", line 19, in get_template
    raise TemplateDoesNotExist(template_name, chain=chain)
django.template.exceptions.TemplateDoesNotExist: rest_framework/horizontal/form.html
2026-04-13 17:47:11,204 [ERROR] django.server: "GET /api/auth/register/ HTTP/1.1" 500 116923
